


materialPath: D:\Program Files (x86)\Steam\steamapps\common\GarrysMod\garrysmod\materials
Loading C:\Users\Asdf\Desktop\gm_runner\gm_blade_runner.vmf
fixing up env_cubemap materials on brush sides...
0...1...2...3...4...5...6...7...8...9...10**** leaked ****
Entity move_rope (-117.00 1108.00 232.00) leaked!
Processing areas...done (0)
Building Faces...done (0)
Chop Details...done (0)
Find Visible Detail Sides...done (0)
Merging details...done (0)
FixTjuncs...
PruneNodes...
WriteBSP...
done (0)
Creating default LDR cubemaps for env_cubemap using skybox materials:
   skybox/sky_day01_01*.vmt
 ! Run buildcubemaps in the engine to get the correct cube maps.
Creating default HDR cubemaps for env_cubemap using skybox materials:
   skybox/sky_day01_01*.vmt
 ! Run buildcubemaps in the engine to get the correct cube maps.
Finding displacement neighbors...
Finding lightmap sample positions...
Displacement Alpha : 0...1...2...3...4...5...6...7...8...9...10
Building Physics collision data...
WARNING: Map using power 4 displacements, terrain physics cannot be compressed, map will need additional memory and CPU.
done (0) (161269 bytes)
Placing detail props : 0...1...2...3...4...5...6...7...8...9...10
Compacting texture/material tables...
Reduced 301 texinfos to 248
Reduced 28 texdatas to 28 (549 bytes to 549)
Writing C:\Users\Asdf\Desktop\gm_runner\gm_blade_runner.bsp
0 seconds elapsed



[Reading texlights from 'lights.rad']
[45 texlights parsed from 'lights.rad']

Loading c:\users\asdf\desktop\gm_runner\gm_blade_runner.bsp
PREP OK
No vis information, direct lighting only.
957 faces
1 degenerate faces
9615 square feet [1384598.25 square inches]
2 Displacements
491 Square Feet [70784.00 Square Inches]
13 direct lights
0...1...2...3...4...5...6...7...8...9...10Build Patch/Sample Hash Table(s).....Done<0.0028 sec>
0...1...2...3...4...5...6...7...8...9...10FinalLightFace Done
0 of 0 (0% of) surface lights went in leaf ambient cubes.
0...1...2...3...4...5...6...7...8...9...10Writing leaf ambient...done
Ready to Finish

Object names       Objects/Maxobjs  Memory / Maxmem  Fullness 
------------       ---------------  ---------------  -------- 
models                   2/4096           96/196608   ( 0.0%) 
brushes                125/16384        1500/196608   ( 0.8%) 
brushsides             809/163840       6472/1310720  ( 0.5%) 
planes                 506/65536       10120/1310720  ( 0.8%) 
vertexes              1367/65536       16404/786432   ( 2.1%) 
nodes                  504/65536       16128/2097152  ( 0.8%) 
texinfos               248/12288       17856/884736   ( 2.0%) 
texdata                 28/2048          896/65536    ( 1.4%) 
dispinfos                2/0             352/0        ( 0.0%) 
disp_verts             578/0           11560/0        ( 0.0%) 
disp_tris             1024/0            2048/0        ( 0.0%) 
disp_lmsamples       83161/0           83161/0        ( 0.0%) 
faces                  957/65536       53592/3670016  ( 1.5%) 
hdr faces                0/65536           0/3670016  ( 0.0%) 
origfaces              483/65536       27048/3670016  ( 0.7%) 
leaves                 507/65536       16224/2097152  ( 0.8%) 
leaffaces             1233/65536        2466/131072   ( 1.9%) 
leafbrushes            254/65536         508/131072   ( 0.4%) 
areas                    2/1024           16/8192     ( 0.2%) 
surfedges             6645/512000      26580/2048000  ( 1.3%) 
edges                 3795/256000      15180/1024000  ( 1.5%) 
LDR worldlights         13/8192         1144/720896   ( 0.2%) 
HDR worldlights          0/8192            0/720896   ( 0.0%) 
leafwaterdata            0/32768           0/393216   ( 0.0%) 
waterstrips             77/32768         770/327680   ( 0.2%) 
waterverts               0/65536           0/786432   ( 0.0%) 
waterindices          1443/65536        2886/131072   ( 2.2%) 
cubemapsamples           0/1024            0/16384    ( 0.0%) 
overlays                 0/1024            0/360448   ( 0.0%) 
LDR lightdata         [variable]     1381364/0        ( 0.0%) 
HDR lightdata         [variable]           0/0        ( 0.0%) 
visdata               [variable]           0/16777216 ( 0.0%) 
entdata               [variable]       14542/393216   ( 3.7%) 
LDR ambient table      507/65536        2028/262144   ( 0.8%) 
HDR ambient table      507/65536        2028/262144   ( 0.8%) 
LDR leaf ambient      1872/65536       52416/1835008  ( 2.9%) 
HDR leaf ambient       507/65536       14196/1835008  ( 0.8%) 
occluders                0/0               0/0        ( 0.0%) 
occluder polygons        0/0               0/0        ( 0.0%) 
occluder vert ind        0/0               0/0        ( 0.0%) 
detail props          [variable]           1/12       ( 8.3%) 
static props          [variable]           1/552      ( 0.2%) 
pakfile               [variable]      105691/0        ( 0.0%) 
physics               [variable]      161269/4194304  ( 3.8%) 
physics terrain       [variable]           0/1048576  ( 0.0%) 

Level flags = 0

Total triangle count: 2802
Writing c:\users\asdf\desktop\gm_runner\gm_blade_runner.bsp
1 second elapsed



[Reading texlights from 'lights.rad']
[45 texlights parsed from 'lights.rad']

Loading c:\users\asdf\desktop\gm_runner\gm_blade_runner.bsp
PREP OK
No vis information, direct lighting only.
957 faces
1 degenerate faces
9615 square feet [1384598.25 square inches]
2 Displacements
491 Square Feet [70784.00 Square Inches]
13 direct lights
0...1...2...3...4...5...6...7...8...9...10Build Patch/Sample Hash Table(s).....Done<0.0027 sec>
0...1...2...3...4...5...6...7...8...9...10FinalLightFace Done
0 of 0 (0% of) surface lights went in leaf ambient cubes.
0...1...2...3...4...5...6...7...8...9...10Writing leaf ambient...done
Ready to Finish

Object names       Objects/Maxobjs  Memory / Maxmem  Fullness 
------------       ---------------  ---------------  -------- 
models                   2/4096           96/196608   ( 0.0%) 
brushes                125/16384        1500/196608   ( 0.8%) 
brushsides             809/163840       6472/1310720  ( 0.5%) 
planes                 506/65536       10120/1310720  ( 0.8%) 
vertexes              1367/65536       16404/786432   ( 2.1%) 
nodes                  504/65536       16128/2097152  ( 0.8%) 
texinfos               248/12288       17856/884736   ( 2.0%) 
texdata                 28/2048          896/65536    ( 1.4%) 
dispinfos                2/0             352/0        ( 0.0%) 
disp_verts             578/0           11560/0        ( 0.0%) 
disp_tris             1024/0            2048/0        ( 0.0%) 
disp_lmsamples       83161/0           83161/0        ( 0.0%) 
faces                  957/65536       53592/3670016  ( 1.5%) 
hdr faces              957/65536       53592/3670016  ( 1.5%) 
origfaces              483/65536       27048/3670016  ( 0.7%) 
leaves                 507/65536       16224/2097152  ( 0.8%) 
leaffaces             1233/65536        2466/131072   ( 1.9%) 
leafbrushes            254/65536         508/131072   ( 0.4%) 
areas                    2/1024           16/8192     ( 0.2%) 
surfedges             6645/512000      26580/2048000  ( 1.3%) 
edges                 3795/256000      15180/1024000  ( 1.5%) 
LDR worldlights         13/8192         1144/720896   ( 0.2%) 
HDR worldlights         13/8192         1144/720896   ( 0.2%) 
leafwaterdata            0/32768           0/393216   ( 0.0%) 
waterstrips             77/32768         770/327680   ( 0.2%) 
waterverts               0/65536           0/786432   ( 0.0%) 
waterindices          1443/65536        2886/131072   ( 2.2%) 
cubemapsamples           0/1024            0/16384    ( 0.0%) 
overlays                 0/1024            0/360448   ( 0.0%) 
LDR lightdata         [variable]     1381364/0        ( 0.0%) 
HDR lightdata         [variable]     1381364/0        ( 0.0%) 
visdata               [variable]           0/16777216 ( 0.0%) 
entdata               [variable]       14542/393216   ( 3.7%) 
LDR ambient table      507/65536        2028/262144   ( 0.8%) 
HDR ambient table      507/65536        2028/262144   ( 0.8%) 
LDR leaf ambient      1872/65536       52416/1835008  ( 2.9%) 
HDR leaf ambient      1872/65536       52416/1835008  ( 2.9%) 
occluders                0/0               0/0        ( 0.0%) 
occluder polygons        0/0               0/0        ( 0.0%) 
occluder vert ind        0/0               0/0        ( 0.0%) 
detail props          [variable]           1/12       ( 8.3%) 
static props          [variable]           1/552      ( 0.2%) 
pakfile               [variable]      105691/0        ( 0.0%) 
physics               [variable]      161269/4194304  ( 3.8%) 
physics terrain       [variable]           0/1048576  ( 0.0%) 

Level flags = 0

Total triangle count: 2802
Writing c:\users\asdf\desktop\gm_runner\gm_blade_runner.bsp
1 second elapsed
